src/app/admin/creator-dashboard/components/__tests__/UserAverageEngagementChart.test.tsx(23,13): error TS2741: Property 'chartTitle' is missing in type '{ userId: string; }' but required in type 'UserAverageEngagementChartProps'.
src/app/admin/creator-dashboard/ContentPerformanceByTypeChart.test.tsx(9,18): error TS7006: Parameter 'props' implicitly has an 'any' type.
src/app/admin/creator-dashboard/ContentPerformanceByTypeChart.test.tsx(10,27): error TS7006: Parameter 'props' implicitly has an 'any' type.
src/app/admin/creator-dashboard/ContentSegmentComparison.test.tsx(79,21): error TS2345: Argument of type 'HTMLElement | undefined' is not assignable to parameter of type 'Element | Node | Document | Window'.
  Type 'undefined' is not assignable to type 'Element | Node | Document | Window'.
src/app/admin/creator-dashboard/ContentSegmentComparison.test.tsx(124,22): error TS2345: Argument of type 'HTMLElement | undefined' is not assignable to parameter of type 'Element | Node | Document | Window'.
  Type 'undefined' is not assignable to type 'Element | Node | Document | Window'.
src/app/admin/creator-dashboard/ContentSegmentComparison.test.tsx(152,26): error TS2345: Argument of type 'HTMLElement | undefined' is not assignable to parameter of type 'Element | Node | Document | Window'.
  Type 'undefined' is not assignable to type 'Element | Node | Document | Window'.
src/app/admin/creator-dashboard/ContentSegmentComparison.test.tsx(160,26): error TS2345: Argument of type 'HTMLElement | undefined' is not assignable to parameter of type 'Element | Node | Document | Window'.
  Type 'undefined' is not assignable to type 'Element | Node | Document | Window'.
src/app/admin/creator-dashboard/ContentSegmentComparison.test.tsx(169,24): error TS2345: Argument of type 'HTMLElement | undefined' is not assignable to parameter of type 'Element | Node | Document | Window'.
  Type 'undefined' is not assignable to type 'Element | Node | Document | Window'.
src/app/admin/creator-dashboard/ContentSegmentComparison.test.tsx(170,24): error TS2345: Argument of type 'HTMLElement | undefined' is not assignable to parameter of type 'Element | Node | Document | Window'.
  Type 'undefined' is not assignable to type 'Element | Node | Document | Window'.
src/app/admin/creator-dashboard/ContentSegmentComparison.test.tsx(173,24): error TS2345: Argument of type 'HTMLElement | undefined' is not assignable to parameter of type 'Element | Node | Document | Window'.
  Type 'undefined' is not assignable to type 'Element | Node | Document | Window'.
src/app/admin/creator-dashboard/ContentSegmentComparison.test.tsx(174,24): error TS2345: Argument of type 'HTMLElement | undefined' is not assignable to parameter of type 'Element | Node | Document | Window'.
  Type 'undefined' is not assignable to type 'Element | Node | Document | Window'.
src/app/admin/creator-dashboard/ContentSegmentComparison.test.tsx(202,22): error TS2345: Argument of type 'HTMLElement | undefined' is not assignable to parameter of type 'Element | Node | Document | Window'.
  Type 'undefined' is not assignable to type 'Element | Node | Document | Window'.
src/app/admin/creator-dashboard/ContentStatsWidgets.test.tsx(14,27): error TS7006: Parameter 'props' implicitly has an 'any' type.
src/app/admin/creator-dashboard/ContentStatsWidgets.test.tsx(15,16): error TS7006: Parameter 'props' implicitly has an 'any' type.
src/app/admin/creator-dashboard/ContentStatsWidgets.test.tsx(16,16): error TS7006: Parameter 'props' implicitly has an 'any' type.
src/app/admin/creator-dashboard/ContentStatsWidgets.test.tsx(17,11): error TS7006: Parameter 'props' implicitly has an 'any' type.
src/app/admin/creator-dashboard/ContentStatsWidgets.test.tsx(18,11): error TS7006: Parameter 'props' implicitly has an 'any' type.
src/app/admin/creator-dashboard/ContentStatsWidgets.test.tsx(19,13): error TS7006: Parameter 'props' implicitly has an 'any' type.
src/app/admin/creator-dashboard/ContentStatsWidgets.test.tsx(20,13): error TS7006: Parameter 'props' implicitly has an 'any' type.
src/app/admin/creator-dashboard/ContentStatsWidgets.test.tsx(21,15): error TS7006: Parameter 'props' implicitly has an 'any' type.
src/app/admin/creator-dashboard/ContentStatsWidgets.test.tsx(22,14): error TS7006: Parameter 'props' implicitly has an 'any' type.
src/app/admin/creator-dashboard/ContentStatsWidgets.test.tsx(23,21): error TS7006: Parameter 'props' implicitly has an 'any' type.
src/app/admin/creator-dashboard/ContentStatsWidgets.test.tsx(24,12): error TS7006: Parameter 'props' implicitly has an 'any' type.
src/app/admin/creator-dashboard/ContentStatsWidgets.test.tsx(32,55): error TS2353: Object literal may only specify known properties, and 'avgEngagement' does not exist in type '{ format: string; count: number; }'.
src/app/admin/creator-dashboard/ContentStatsWidgets.test.tsx(33,62): error TS2353: Object literal may only specify known properties, and 'avgEngagement' does not exist in type '{ proposal: string; count: number; }'.
src/app/admin/creator-dashboard/ContentStatsWidgets.test.tsx(34,56): error TS2353: Object literal may only specify known properties, and 'avgEngagement' does not exist in type '{ context: string; count: number; }'.
src/app/lib/dataService/__tests__/communityService.findUserPostsEligibleForCommunity.test.ts(70,12): error TS2532: Object is possibly 'undefined'.
src/app/lib/dataService/marketAnalysis/dashboardService.test.ts(144,14): error TS2532: Object is possibly 'undefined'.
src/app/lib/dataService/marketAnalysis/dashboardService.test.ts(144,14): error TS2532: Object is possibly 'undefined'.
src/app/lib/dataService/marketAnalysis/dashboardService.test.ts(145,14): error TS2532: Object is possibly 'undefined'.
src/app/lib/dataService/marketAnalysis/dashboardService.test.ts(146,14): error TS2532: Object is possibly 'undefined'.
src/app/lib/dataService/marketAnalysisService.test.ts(243,30): error TS2304: Cannot find name 'IGlobalPostResult'.
src/app/lib/dataService/marketAnalysisService.test.ts(296,25): error TS2554: Expected 1 arguments, but got 0.
src/app/lib/dataService/marketAnalysisService.test.ts(301,14): error TS2532: Object is possibly 'undefined'.
src/app/lib/dataService/marketAnalysisService.test.ts(304,25): error TS2554: Expected 1 arguments, but got 0.
src/app/lib/dataService/marketAnalysisService.test.ts(347,27): error TS2554: Expected 1 arguments, but got 0.
src/app/lib/dataService/marketAnalysisService.test.ts(351,14): error TS2532: Object is possibly 'undefined'.
src/app/lib/dataService/marketAnalysisService.test.ts(398,5): error TS2532: Object is possibly 'undefined'.
src/app/lib/dataService/marketAnalysisService.test.ts(423,28): error TS7006: Parameter 'stage' implicitly has an 'any' type.
src/app/lib/dataService/marketAnalysisService.test.ts(424,28): error TS7006: Parameter 'stage' implicitly has an 'any' type.
src/app/lib/dataService/marketAnalysisService.test.ts(425,28): error TS7006: Parameter 'stage' implicitly has an 'any' type.
src/app/lib/dataService/marketAnalysisService.test.ts(426,28): error TS7006: Parameter 'stage' implicitly has an 'any' type.
src/app/lib/dataService/marketAnalysisService.test.ts(433,14): error TS2532: Object is possibly 'undefined'.
src/app/lib/dataService/marketAnalysisService.test.ts(434,14): error TS2532: Object is possibly 'undefined'.
src/app/lib/dataService/marketAnalysisService.test.ts(435,14): error TS2532: Object is possibly 'undefined'.
src/app/lib/dataService/marketAnalysisService.test.ts(436,14): error TS2532: Object is possibly 'undefined'.
src/app/lib/dataService/marketAnalysisService.test.ts(437,14): error TS2532: Object is possibly 'undefined'.
src/app/lib/dataService/marketAnalysisService.test.ts(438,14): error TS2532: Object is possibly 'undefined'.
src/app/lib/getCategoryRanking.test.ts(28,26): error TS2722: Cannot invoke an object which is possibly 'undefined'.
src/app/lib/getCategoryRanking.test.ts(38,26): error TS2722: Cannot invoke an object which is possibly 'undefined'.
src/app/lib/getConsultingKnowledge.test.ts(15,28): error TS2722: Cannot invoke an object which is possibly 'undefined'.
src/app/mediakit/[token]/page.test.ts(65,17): error TS2540: Cannot assign to 'NODE_ENV' because it is a read-only property.
src/app/mediakit/[token]/page.test.ts(68,17): error TS2540: Cannot assign to 'NODE_ENV' because it is a read-only property.
src/charts/getCreatorsScatterPlotData.test.ts(80,12): error TS2532: Object is possibly 'undefined'.
src/charts/getCreatorsScatterPlotData.test.ts(82,12): error TS2532: Object is possibly 'undefined'.
src/charts/getCreatorsScatterPlotData.test.ts(83,12): error TS2532: Object is possibly 'undefined'.
src/charts/getCreatorsScatterPlotData.test.ts(85,12): error TS2532: Object is possibly 'undefined'.
src/charts/getCreatorsScatterPlotData.test.ts(87,12): error TS2532: Object is possibly 'undefined'.
src/charts/getCreatorsScatterPlotData.test.ts(88,12): error TS2532: Object is possibly 'undefined'.
src/charts/getCreatorsScatterPlotData.test.ts(102,12): error TS2532: Object is possibly 'undefined'.
src/charts/getCreatorsScatterPlotData.test.ts(103,12): error TS2532: Object is possibly 'undefined'.
src/charts/getCreatorsScatterPlotData.test.ts(117,12): error TS2532: Object is possibly 'undefined'.
src/charts/getCreatorsScatterPlotData.test.ts(118,12): error TS2532: Object is possibly 'undefined'.
src/charts/getEngagementDistributionByFormatChartData.test.ts(65,12): error TS2532: Object is possibly 'undefined'.
src/charts/getEngagementDistributionByFormatChartData.test.ts(66,12): error TS2532: Object is possibly 'undefined'.
src/charts/getEngagementDistributionByFormatChartData.test.ts(67,12): error TS2532: Object is possibly 'undefined'.
src/charts/getEngagementDistributionByFormatChartData.test.ts(80,12): error TS2532: Object is possibly 'undefined'.
src/charts/getReachEngagementTrendChartData.test.ts(18,3): error TS2322: Type 'string | undefined' is not assignable to type 'string'.
  Type 'undefined' is not assignable to type 'string'.
src/charts/getReachEngagementTrendChartData.test.ts(114,14): error TS2532: Object is possibly 'undefined'.
src/charts/getReachEngagementTrendChartData.test.ts(115,14): error TS2532: Object is possibly 'undefined'.
src/hooks/useAffiliateSummary.test.ts(24,44): error TS2322: Type '{ debtCents: number; availableCents?: number | undefined; pendingCents?: number | undefined; nextMatureAt?: string | null | undefined; minRedeemCents?: number | undefined; }' is not assignable to type 'CurrencySummary'.
  Types of property 'availableCents' are incompatible.
    Type 'number | undefined' is not assignable to type 'number'.
      Type 'undefined' is not assignable to type 'number'.
src/hooks/useAffiliateSummary.test.ts(31,44): error TS2322: Type '{ availableCents: number; pendingCents?: number | undefined; debtCents?: number | undefined; nextMatureAt?: string | null | undefined; minRedeemCents?: number | undefined; }' is not assignable to type 'CurrencySummary'.
  Types of property 'pendingCents' are incompatible.
    Type 'number | undefined' is not assignable to type 'number'.
      Type 'undefined' is not assignable to type 'number'.
src/lib/services/userAlertsService.test.ts(48,12): error TS2532: Object is possibly 'undefined'.
src/lib/services/userAlertsService.test.ts(50,12): error TS2532: Object is possibly 'undefined'.
src/lib/services/userAlertsService.test.ts(50,47): error TS2532: Object is possibly 'undefined'.
src/utils/__tests__/aggregateCreatorsByRegion.test.ts(36,12): error TS2532: Object is possibly 'undefined'.
src/utils/__tests__/aggregatePlatformDayPerformance.test.ts(33,12): error TS2532: Object is possibly 'undefined'.
src/utils/__tests__/aggregatePlatformDayPerformance.test.ts(34,12): error TS2532: Object is possibly 'undefined'.
src/utils/__tests__/aggregatePlatformTimePerformance.test.ts(1,8): error TS2613: Module '"/Users/arthurmarba/d2c-frontend/src/utils/aggregatePlatformTimePerformance"' has no default export. Did you mean to use 'import { aggregatePlatformTimePerformance } from "/Users/arthurmarba/d2c-frontend/src/utils/aggregatePlatformTimePerformance"' instead?
src/utils/calculateAccountFollowerConversionRate.test.ts(2,50): error TS2614: Module '"./calculateAccountFollowerConversionRate"' has no exported member 'AccountFollowerConversionRateData'. Did you mean to use 'import AccountFollowerConversionRateData from "./calculateAccountFollowerConversionRate"' instead?
src/utils/calculateAverageEngagementPerPost.test.ts(2,45): error TS2614: Module '"./calculateAverageEngagementPerPost"' has no exported member 'AverageEngagementData'. Did you mean to use 'import AverageEngagementData from "./calculateAverageEngagementPerPost"' instead?
src/utils/calculateFollowerGrowthRate.test.ts(2,39): error TS2614: Module '"./calculateFollowerGrowthRate"' has no exported member 'FollowerGrowthData'. Did you mean to use 'import FollowerGrowthData from "./calculateFollowerGrowthRate"' instead?
src/utils/getContextPerformance.test.ts(54,7): error TS2322: Type 'string[] | null | undefined' is not assignable to type 'string[] | undefined'.
  Type 'null' is not assignable to type 'string[] | undefined'.
src/utils/getFormatPerformance.test.ts(4,32): error TS2614: Module '"@/app/models/Metric"' has no exported member 'FormatType'. Did you mean to use 'import FormatType from "@/app/models/Metric"' instead?
src/utils/platformMetricsHelpers.test.ts(64,12): error TS18048: 'res.totalFollowers' is possibly 'undefined'.
src/utils/platformMetricsHelpers.test.ts(65,12): error TS18048: 'res.totalFollowers' is possibly 'undefined'.
